<?xml version="1.0" encoding="UTF-8"?>
<testng-results skipped="0" failed="0" total="1" passed="1">
  <reporter-output>
  </reporter-output>
  <suite name="Default suite" duration-ms="32486" started-at="2018-09-10T11:18:59Z" finished-at="2018-09-10T11:19:31Z">
    <groups>
    </groups>
    <test name="Default test" duration-ms="32486" started-at="2018-09-10T11:18:59Z" finished-at="2018-09-10T11:19:31Z">
      <class name="com.cogniphi.Taxi.testSuites.NewTest">
        <test-method status="PASS" signature="beforeTest()[pri:0, instance:com.cogniphi.Taxi.testSuites.NewTest@262b2c86]" name="beforeTest" is-config="true" duration-ms="31718" started-at="2018-09-10T16:48:59Z" finished-at="2018-09-10T16:49:31Z">
          <reporter-output>
          </reporter-output>
        </test-method> <!-- beforeTest -->
        <test-method status="PASS" signature="beforeClass()[pri:0, instance:com.cogniphi.Taxi.testSuites.NewTest@262b2c86]" name="beforeClass" is-config="true" duration-ms="1" started-at="2018-09-10T16:49:31Z" finished-at="2018-09-10T16:49:31Z">
          <reporter-output>
          </reporter-output>
        </test-method> <!-- beforeClass -->
        <test-method status="PASS" signature="beforeMethod(java.lang.reflect.Method)[pri:0, instance:com.cogniphi.Taxi.testSuites.NewTest@262b2c86]" name="beforeMethod" is-config="true" duration-ms="5" started-at="2018-09-10T16:49:31Z" finished-at="2018-09-10T16:49:31Z">
          <params>
            <param index="0">
              <value>
                <![CDATA[public void com.cogniphi.Taxi.testSuites.NewTest.f()]]>
              </value>
            </param>
          </params>
          <reporter-output>
          </reporter-output>
        </test-method> <!-- beforeMethod -->
        <test-method status="PASS" signature="f()[pri:0, instance:com.cogniphi.Taxi.testSuites.NewTest@262b2c86]" name="f" duration-ms="8" started-at="2018-09-10T16:49:31Z" finished-at="2018-09-10T16:49:31Z">
          <reporter-output>
          </reporter-output>
        </test-method> <!-- f -->
        <test-method status="PASS" signature="afterMethod(org.testng.ITestResult)[pri:0, instance:com.cogniphi.Taxi.testSuites.NewTest@262b2c86]" name="afterMethod" is-config="true" duration-ms="1" started-at="2018-09-10T16:49:31Z" finished-at="2018-09-10T16:49:31Z">
          <params>
            <param index="0">
              <value>
                <![CDATA[[TestResult name=f status=SUCCESS method=NewTest.f()[pri:0, instance:com.cogniphi.Taxi.testSuites.NewTest@262b2c86] output={null}]]]>
              </value>
            </param>
          </params>
          <reporter-output>
          </reporter-output>
        </test-method> <!-- afterMethod -->
        <test-method status="PASS" signature="toEndTest()[pri:0, instance:com.cogniphi.Taxi.testSuites.NewTest@262b2c86]" name="toEndTest" is-config="true" duration-ms="689" started-at="2018-09-10T16:49:31Z" finished-at="2018-09-10T16:49:31Z">
          <reporter-output>
          </reporter-output>
        </test-method> <!-- toEndTest -->
        <test-method status="PASS" signature="afterTest()[pri:0, instance:com.cogniphi.Taxi.testSuites.NewTest@262b2c86]" name="afterTest" is-config="true" duration-ms="46" started-at="2018-09-10T16:49:31Z" finished-at="2018-09-10T16:49:31Z">
          <reporter-output>
          </reporter-output>
        </test-method> <!-- afterTest -->
      </class> <!-- com.cogniphi.Taxi.testSuites.NewTest -->
    </test> <!-- Default test -->
  </suite> <!-- Default suite -->
</testng-results>
